


materialPath: D:\Steam\steamapps\common\Source SDK Base 2013 Singleplayer\hl2\materials
Loading D:\Steam\steamapps\sourcemods\BrutalHL2\maps\bhl2_devmap_2.vmf
Could not locate 'GameData' key in d:\steam\steamapps\common\source sdk base 2013 singleplayer\hl2\gameinfo.txt
fixing up env_cubemap materials on brush sides...
0...1...2...3...4...5...6...7...8...9...100...1...2...3...4...5...6...7...8...9...10Processing areas...done (0)
Building Faces...done (0)
Chop Details...done (0)
Find Visible Detail Sides...done (0)
Merging details...done (0)
FixTjuncs...
PruneNodes...
WriteBSP...
done (0)
writing D:\Steam\steamapps\sourcemods\BrutalHL2\maps\bhl2_devmap_2.prt...Building visibility clusters...
done (0)
Creating default LDR cubemaps for env_cubemap using skybox materials:
   skybox/sky_day01_01*.vmt
 ! Run buildcubemaps in the engine to get the correct cube maps.
Creating default HDR cubemaps for env_cubemap using skybox materials:
   skybox/sky_day01_01*.vmt
 ! Run buildcubemaps in the engine to get the correct cube maps.
Finding displacement neighbors...
Finding lightmap sample positions...
Displacement Alpha : 0...1...2...3...4...5...6...7...8...9...10
Building Physics collision data...
done (0) (17597 bytes)
Placing detail props : 0...1...2...3...4...5...6...7...8...9...10
Compacting texture/material tables...
Reduced 57 texinfos to 40
Reduced 8 texdatas to 8 (189 bytes to 189)
Writing D:\Steam\steamapps\sourcemods\BrutalHL2\maps\bhl2_devmap_2.bsp
0 seconds elapsed



8 threads
reading d:\steam\steamapps\sourcemods\brutalhl2\maps\bhl2_devmap_2.bsp
reading d:\steam\steamapps\sourcemods\brutalhl2\maps\bhl2_devmap_2.prt
  81 portalclusters
 202 numportals
0...1...2...3...4...5...6...7...8...9...100...1...2...3...4...5...6...7...8...9...10Optimized: 6 visible clusters (0.12%)
Total clusters visible: 4857
Average clusters visible: 59
Building PAS...
Average clusters audible: 81
visdatasize:2443  compressed from 2592
writing d:\steam\steamapps\sourcemods\brutalhl2\maps\bhl2_devmap_2.bsp
0 seconds elapsed



Could not find lights.rad in lights.rad.
Trying VRAD BIN directory instead...
Warning: Couldn't open texlight file D:\Steam\steamapps\common\Source SDK Base 2013 Singleplayer\bin\lights.rad.
Loading d:\steam\steamapps\sourcemods\brutalhl2\maps\bhl2_devmap_2.bsp
260 faces
174975 square feet [25196420.00 square inches]
0 Displacements
0 Square Feet [0.00 Square Inches]
260 patches before subdivision
4096 patches after subdivision
6 direct lights
0...1...2...3...4...5...6...7...8...9...100...1...2...3...4...5...6...7...8...9...10transfers 143789, max 205
transfer lists:   1.1 megs
0...1...2...3...4...5...6...7...8...9...10	Bounce #1 added RGB(24265, 8205, 1537)
0...1...2...3...4...5...6...7...8...9...10	Bounce #2 added RGB(11049, 1258, 20)
0...1...2...3...4...5...6...7...8...9...10	Bounce #3 added RGB(5123, 192, 1)
0...1...2...3...4...5...6...7...8...9...10	Bounce #4 added RGB(2449, 30, 0)
0...1...2...3...4...5...6...7...8...9...10	Bounce #5 added RGB(1189, 5, 0)
0...1...2...3...4...5...6...7...8...9...10	Bounce #6 added RGB(583, 1, 0)
0...1...2...3...4...5...6...7...8...9...10	Bounce #7 added RGB(288, 0, 0)
0...1...2...3...4...5...6...7...8...9...10	Bounce #8 added RGB(143, 0, 0)
0...1...2...3...4...5...6...7...8...9...10	Bounce #9 added RGB(72, 0, 0)
0...1...2...3...4...5...6...7...8...9...10	Bounce #10 added RGB(36, 0, 0)
0...1...2...3...4...5...6...7...8...9...10	Bounce #11 added RGB(18, 0, 0)
0...1...2...3...4...5...6...7...8...9...10	Bounce #12 added RGB(9, 0, 0)
0...1...2...3...4...5...6...7...8...9...10	Bounce #13 added RGB(5, 0, 0)
0...1...2...3...4...5...6...7...8...9...10	Bounce #14 added RGB(2, 0, 0)
0...1...2...3...4...5...6...7...8...9...10	Bounce #15 added RGB(1, 0, 0)
0...1...2...3...4...5...6...7...8...9...10	Bounce #16 added RGB(1, 0, 0)
Build Patch/Sample Hash Table(s).....Done<0.0005 sec>
0...1...2...3...4...5...6...7...8...9...10FinalLightFace Done
0 of 0 (0% of) surface lights went in leaf ambient cubes.
0...1...2...3...4...5...6...7...8...9...10Writing leaf ambient...done
Ready to Finish

Object names       Objects/Maxobjs  Memory / Maxmem  Fullness 
------------       ---------------  ---------------  -------- 
models                   4/1024          192/49152    ( 0.4%) 
brushes                 47/8192          564/98304    ( 0.6%) 
brushsides             283/65536        2264/524288   ( 0.4%) 
planes                 172/65536        3440/1310720  ( 0.3%) 
vertexes               364/65536        4368/786432   ( 0.6%) 
nodes                  207/65536        6624/2097152  ( 0.3%) 
texinfos                40/12288        2880/884736   ( 0.3%) 
texdata                  8/2048          256/65536    ( 0.4%) 
dispinfos                0/0               0/0        ( 0.0%) 
disp_verts               0/0               0/0        ( 0.0%) 
disp_tris                0/0               0/0        ( 0.0%) 
disp_lmsamples           0/0               0/0        ( 0.0%) 
faces                  260/65536       14560/3670016  ( 0.4%) 
hdr faces                0/65536           0/3670016  ( 0.0%) 
origfaces              160/65536        8960/3670016  ( 0.2%) 
leaves                 212/65536        6784/2097152  ( 0.3%) 
leaffaces              312/65536         624/131072   ( 0.5%) 
leafbrushes            113/65536         226/131072   ( 0.2%) 
areas                    2/256            16/2048     ( 0.8%) 
surfedges             1858/512000       7432/2048000  ( 0.4%) 
edges                 1073/256000       4292/1024000  ( 0.4%) 
LDR worldlights          6/8192          528/720896   ( 0.1%) 
HDR worldlights          0/8192            0/720896   ( 0.0%) 
leafwaterdata            0/32768           0/393216   ( 0.0%) 
waterstrips             17/32768         170/327680   ( 0.1%) 
waterverts               0/65536           0/786432   ( 0.0%) 
waterindices           264/65536         528/131072   ( 0.4%) 
cubemapsamples           0/1024            0/16384    ( 0.0%) 
overlays                 0/512             0/180224   ( 0.0%) 
LDR lightdata         [variable]       50880/0        ( 0.0%) 
HDR lightdata         [variable]           0/0        ( 0.0%) 
visdata               [variable]        2443/16777216 ( 0.0%) 
entdata               [variable]       15073/393216   ( 3.8%) 
LDR ambient table      212/65536         848/262144   ( 0.3%) 
HDR ambient table      212/65536         848/262144   ( 0.3%) 
LDR leaf ambient       719/65536       20132/1835008  ( 1.1%) 
HDR leaf ambient       212/65536        5936/1835008  ( 0.3%) 
occluders                0/0               0/0        ( 0.0%) 
occluder polygons        0/0               0/0        ( 0.0%) 
occluder vert ind        0/0               0/0        ( 0.0%) 
detail props          [variable]           1/12       ( 8.3%) 
static props          [variable]           1/12       ( 8.3%) 
pakfile               [variable]      105683/0        ( 0.0%) 
physics               [variable]       17597/4194304  ( 0.4%) 
physics terrain       [variable]           2/1048576  ( 0.0%) 

Level flags = 0

Total triangle count: 696
Writing d:\steam\steamapps\sourcemods\brutalhl2\maps\bhl2_devmap_2.bsp
1 second elapsed



materialPath: D:\Steam\steamapps\common\Source SDK Base 2013 Singleplayer\hl2\materials
Loading D:\Steam\steamapps\sourcemods\BrutalHL2\maps\bhl2_devmap_2.vmf
Could not locate 'GameData' key in d:\steam\steamapps\common\source sdk base 2013 singleplayer\hl2\gameinfo.txt
fixing up env_cubemap materials on brush sides...
0...1...2...3...4...5...6...7...8...9...100...1...2...3...4...5...6...7...8...9...10Processing areas...done (0)
Building Faces...done (0)
Chop Details...done (0)
Find Visible Detail Sides...done (0)
Merging details...done (0)
FixTjuncs...
PruneNodes...
WriteBSP...
done (0)
writing D:\Steam\steamapps\sourcemods\BrutalHL2\maps\bhl2_devmap_2.prt...Building visibility clusters...
done (0)
Creating default LDR cubemaps for env_cubemap using skybox materials:
   skybox/sky_day01_01*.vmt
 ! Run buildcubemaps in the engine to get the correct cube maps.
Creating default HDR cubemaps for env_cubemap using skybox materials:
   skybox/sky_day01_01*.vmt
 ! Run buildcubemaps in the engine to get the correct cube maps.
Finding displacement neighbors...
Finding lightmap sample positions...
Displacement Alpha : 0...1...2...3...4...5...6...7...8...9...10
Building Physics collision data...
done (0) (33367 bytes)
Placing detail props : 0...1...2...3...4...5...6...7...8...9...10
Compacting texture/material tables...
Reduced 111 texinfos to 78
Reduced 10 texdatas to 9 (234 bytes to 212)
Writing D:\Steam\steamapps\sourcemods\BrutalHL2\maps\bhl2_devmap_2.bsp
0 seconds elapsed



8 threads
reading d:\steam\steamapps\sourcemods\brutalhl2\maps\bhl2_devmap_2.bsp
reading d:\steam\steamapps\sourcemods\brutalhl2\maps\bhl2_devmap_2.prt
 103 portalclusters
 254 numportals
0...1...2...3...4...5...6...7...8...9...100...1...2...3...4...5...6...7...8...9...10Optimized: 11 visible clusters (0.15%)
Total clusters visible: 7206
Average clusters visible: 69
Building PAS...
Average clusters audible: 103
visdatasize:3576  compressed from 3296
writing d:\steam\steamapps\sourcemods\brutalhl2\maps\bhl2_devmap_2.bsp
0 seconds elapsed



Could not find lights.rad in lights.rad.
Trying VRAD BIN directory instead...
Warning: Couldn't open texlight file D:\Steam\steamapps\common\Source SDK Base 2013 Singleplayer\bin\lights.rad.
Loading d:\steam\steamapps\sourcemods\brutalhl2\maps\bhl2_devmap_2.bsp
421 faces
176497 square feet [25415604.00 square inches]
0 Displacements
0 Square Feet [0.00 Square Inches]
421 patches before subdivision
4473 patches after subdivision
6 direct lights
0...1...2...3...4...5...6...7...8...9...100...1...2...3...4...5...6...7...8...9...10transfers 180786, max 232
transfer lists:   1.4 megs
0...1...2...3...4...5...6...7...8...9...10	Bounce #1 added RGB(24981, 8734, 1931)
0...1...2...3...4...5...6...7...8...9...10	Bounce #2 added RGB(10083, 1245, 37)
0...1...2...3...4...5...6...7...8...9...10	Bounce #3 added RGB(4316, 185, 2)
0...1...2...3...4...5...6...7...8...9...10	Bounce #4 added RGB(1869, 28, 0)
0...1...2...3...4...5...6...7...8...9...10	Bounce #5 added RGB(814, 4, 0)
0...1...2...3...4...5...6...7...8...9...10	Bounce #6 added RGB(356, 1, 0)
0...1...2...3...4...5...6...7...8...9...10	Bounce #7 added RGB(156, 0, 0)
0...1...2...3...4...5...6...7...8...9...10	Bounce #8 added RGB(69, 0, 0)
0...1...2...3...4...5...6...7...8...9...10	Bounce #9 added RGB(30, 0, 0)
0...1...2...3...4...5...6...7...8...9...10	Bounce #10 added RGB(13, 0, 0)
0...1...2...3...4...5...6...7...8...9...10	Bounce #11 added RGB(6, 0, 0)
0...1...2...3...4...5...6...7...8...9...10	Bounce #12 added RGB(3, 0, 0)
0...1...2...3...4...5...6...7...8...9...10	Bounce #13 added RGB(1, 0, 0)
0...1...2...3...4...5...6...7...8...9...10	Bounce #14 added RGB(1, 0, 0)
Build Patch/Sample Hash Table(s).....Done<0.0009 sec>
0...1...2...3...4...5...6...7...8...9...10FinalLightFace Done
0 of 0 (0% of) surface lights went in leaf ambient cubes.
0...1...2...3...4...5...6...7...8...9...10Writing leaf ambient...done
Ready to Finish

Object names       Objects/Maxobjs  Memory / Maxmem  Fullness 
------------       ---------------  ---------------  -------- 
models                   9/1024          432/49152    ( 0.9%) 
brushes                 91/8192         1092/98304    ( 1.1%) 
brushsides             601/65536        4808/524288   ( 0.9%) 
planes                 354/65536        7080/1310720  ( 0.5%) 
vertexes               618/65536        7416/786432   ( 0.9%) 
nodes                  291/65536        9312/2097152  ( 0.4%) 
texinfos                78/12288        5616/884736   ( 0.6%) 
texdata                  9/2048          288/65536    ( 0.4%) 
dispinfos                0/0               0/0        ( 0.0%) 
disp_verts               0/0               0/0        ( 0.0%) 
disp_tris                0/0               0/0        ( 0.0%) 
disp_lmsamples           0/0               0/0        ( 0.0%) 
faces                  421/65536       23576/3670016  ( 0.6%) 
hdr faces                0/65536           0/3670016  ( 0.0%) 
origfaces              293/65536       16408/3670016  ( 0.4%) 
leaves                 301/65536        9632/2097152  ( 0.5%) 
leaffaces              478/65536         956/131072   ( 0.7%) 
leafbrushes            163/65536         326/131072   ( 0.2%) 
areas                    2/256            16/2048     ( 0.8%) 
surfedges             3145/512000      12580/2048000  ( 0.6%) 
edges                 1842/256000       7368/1024000  ( 0.7%) 
LDR worldlights          6/8192          528/720896   ( 0.1%) 
HDR worldlights          0/8192            0/720896   ( 0.0%) 
leafwaterdata            0/32768           0/393216   ( 0.0%) 
waterstrips             27/32768         270/327680   ( 0.1%) 
waterverts               0/65536           0/786432   ( 0.0%) 
waterindices           468/65536         936/131072   ( 0.7%) 
cubemapsamples           0/1024            0/16384    ( 0.0%) 
overlays                 0/512             0/180224   ( 0.0%) 
LDR lightdata         [variable]       62892/0        ( 0.0%) 
HDR lightdata         [variable]           0/0        ( 0.0%) 
visdata               [variable]        3576/16777216 ( 0.0%) 
entdata               [variable]       20617/393216   ( 5.2%) 
LDR ambient table      301/65536        1204/262144   ( 0.5%) 
HDR ambient table      301/65536        1204/262144   ( 0.5%) 
LDR leaf ambient       878/65536       24584/1835008  ( 1.3%) 
HDR leaf ambient       301/65536        8428/1835008  ( 0.5%) 
occluders                0/0               0/0        ( 0.0%) 
occluder polygons        0/0               0/0        ( 0.0%) 
occluder vert ind        0/0               0/0        ( 0.0%) 
detail props          [variable]           1/12       ( 8.3%) 
static props          [variable]           1/12       ( 8.3%) 
pakfile               [variable]      105683/0        ( 0.0%) 
physics               [variable]       33367/4194304  ( 0.8%) 
physics terrain       [variable]           2/1048576  ( 0.0%) 

Level flags = 0

Total triangle count: 1137
Writing d:\steam\steamapps\sourcemods\brutalhl2\maps\bhl2_devmap_2.bsp
1 second elapsed
