


materialPath: D:\Steam\steamapps\common\Source SDK Base 2013 Singleplayer\hl2\materials
Loading D:\Steam\steamapps\sourcemods\BrutalHL2\maps\bhl2_devmap_1.vmf
Could not locate 'GameData' key in d:\steam\steamapps\common\source sdk base 2013 singleplayer\hl2\gameinfo.txt
fixing up env_cubemap materials on brush sides...
0...1...2...3...4...5...6...7...8...9...100...1...2...3...4...5...6...7...8...9...10Processing areas...done (0)
Building Faces...done (0)
FixTjuncs...
PruneNodes...
WriteBSP...
done (0)
writing D:\Steam\steamapps\sourcemods\BrutalHL2\maps\bhl2_devmap_1.prt...Building visibility clusters...
done (0)
Creating default LDR cubemaps for env_cubemap using skybox materials:
   skybox/sky_day01_01*.vmt
 ! Run buildcubemaps in the engine to get the correct cube maps.
Creating default HDR cubemaps for env_cubemap using skybox materials:
   skybox/sky_day01_01*.vmt
 ! Run buildcubemaps in the engine to get the correct cube maps.
Finding displacement neighbors...
Finding lightmap sample positions...
Displacement Alpha : 0...1...2...3...4...5...6...7...8...9...10
Building Physics collision data...
done (0) (9953 bytes)
Error! prop_static using model "models/props_wasteland/cafeteria_table001a.mdl", which must be used on a dynamic entity (i.e. prop_physics). Deleted.
Error loading studio model "models/props_wasteland/cafeteria_table001a.mdl"!
Placing detail props : 0...1...2...3...4...5...6...7...8...9...10
Compacting texture/material tables...
Reduced 44 texinfos to 26
Reduced 6 texdatas to 6 (129 bytes to 129)
Writing D:\Steam\steamapps\sourcemods\BrutalHL2\maps\bhl2_devmap_1.bsp
0 seconds elapsed



8 threads
reading d:\steam\steamapps\sourcemods\brutalhl2\maps\bhl2_devmap_1.bsp
reading d:\steam\steamapps\sourcemods\brutalhl2\maps\bhl2_devmap_1.prt
  29 portalclusters
  59 numportals
0...1...2...3...4...5...6...7...8...9...100...1...2...3...4...5...6...7...8...9...10Optimized: 0 visible clusters (0.00%)
Total clusters visible: 609
Average clusters visible: 21
Building PAS...
Average clusters audible: 28
visdatasize:468  compressed from 464
writing d:\steam\steamapps\sourcemods\brutalhl2\maps\bhl2_devmap_1.bsp
0 seconds elapsed



Could not find lights.rad in lights.rad.
Trying VRAD BIN directory instead...
Warning: Couldn't open texlight file D:\Steam\steamapps\common\Source SDK Base 2013 Singleplayer\bin\lights.rad.
Loading d:\steam\steamapps\sourcemods\brutalhl2\maps\bhl2_devmap_1.bsp
101 faces
34752 square feet [5004416.00 square inches]
0 Displacements
0 Square Feet [0.00 Square Inches]
101 patches before subdivision
1625 patches after subdivision
4 direct lights
0...1...2...3...4...5...6...7...8...9...100...1...2...3...4...5...6...7...8...9...10transfers 42831, max 165
transfer lists:   0.3 megs
0...1...2...3...4...5...6...7...8...9...10	Bounce #1 added RGB(11024, 3631, 1010)
0...1...2...3...4...5...6...7...8...9...10	Bounce #2 added RGB(3958, 487, 50)
0...1...2...3...4...5...6...7...8...9...10	Bounce #3 added RGB(1484, 69, 3)
0...1...2...3...4...5...6...7...8...9...10	Bounce #4 added RGB(553, 10, 0)
0...1...2...3...4...5...6...7...8...9...10	Bounce #5 added RGB(207, 1, 0)
0...1...2...3...4...5...6...7...8...9...10	Bounce #6 added RGB(78, 0, 0)
0...1...2...3...4...5...6...7...8...9...10	Bounce #7 added RGB(29, 0, 0)
0...1...2...3...4...5...6...7...8...9...10	Bounce #8 added RGB(11, 0, 0)
0...1...2...3...4...5...6...7...8...9...10	Bounce #9 added RGB(4, 0, 0)
0...1...2...3...4...5...6...7...8...9...10	Bounce #10 added RGB(2, 0, 0)
0...1...2...3...4...5...6...7...8...9...10	Bounce #11 added RGB(1, 0, 0)
Build Patch/Sample Hash Table(s).....Done<0.0002 sec>
0...1...2...3...4...5...6...7...8...9...10FinalLightFace Done
0 of 0 (0% of) surface lights went in leaf ambient cubes.
0...1...2...3...4...5...6...7...8...9...10Writing leaf ambient...done
Ready to Finish

Object names       Objects/Maxobjs  Memory / Maxmem  Fullness 
------------       ---------------  ---------------  -------- 
models                   4/1024          192/49152    ( 0.4%) 
brushes                 26/8192          312/98304    ( 0.3%) 
brushsides             156/65536        1248/524288   ( 0.2%) 
planes                 120/65536        2400/1310720  ( 0.2%) 
vertexes               161/65536        1932/786432   ( 0.2%) 
nodes                   95/65536        3040/2097152  ( 0.1%) 
texinfos                26/12288        1872/884736   ( 0.2%) 
texdata                  6/2048          192/65536    ( 0.3%) 
dispinfos                0/0               0/0        ( 0.0%) 
disp_verts               0/0               0/0        ( 0.0%) 
disp_tris                0/0               0/0        ( 0.0%) 
disp_lmsamples           0/0               0/0        ( 0.0%) 
faces                  101/65536        5656/3670016  ( 0.2%) 
hdr faces                0/65536           0/3670016  ( 0.0%) 
origfaces               77/65536        4312/3670016  ( 0.1%) 
leaves                 100/65536        3200/2097152  ( 0.2%) 
leaffaces              130/65536         260/131072   ( 0.2%) 
leafbrushes             45/65536          90/131072   ( 0.1%) 
areas                    2/256            16/2048     ( 0.8%) 
surfedges              766/512000       3064/2048000  ( 0.1%) 
edges                  450/256000       1800/1024000  ( 0.2%) 
LDR worldlights          4/8192          352/720896   ( 0.0%) 
HDR worldlights          0/8192            0/720896   ( 0.0%) 
leafwaterdata            0/32768           0/393216   ( 0.0%) 
waterstrips              4/32768          40/327680   ( 0.0%) 
waterverts               0/65536           0/786432   ( 0.0%) 
waterindices            69/65536         138/131072   ( 0.1%) 
cubemapsamples           0/1024            0/16384    ( 0.0%) 
overlays                 0/512             0/180224   ( 0.0%) 
LDR lightdata         [variable]       21220/0        ( 0.0%) 
HDR lightdata         [variable]           0/0        ( 0.0%) 
visdata               [variable]         468/16777216 ( 0.0%) 
entdata               [variable]        3719/393216   ( 0.9%) 
LDR ambient table      100/65536         400/262144   ( 0.2%) 
HDR ambient table      100/65536         400/262144   ( 0.2%) 
LDR leaf ambient       280/65536        7840/1835008  ( 0.4%) 
HDR leaf ambient       100/65536        2800/1835008  ( 0.2%) 
occluders                0/0               0/0        ( 0.0%) 
occluder polygons        0/0               0/0        ( 0.0%) 
occluder vert ind        0/0               0/0        ( 0.0%) 
detail props          [variable]           1/12       ( 8.3%) 
static props          [variable]           1/12       ( 8.3%) 
pakfile               [variable]      105683/0        ( 0.0%) 
physics               [variable]        9953/4194304  ( 0.2%) 
physics terrain       [variable]           2/1048576  ( 0.0%) 

Level flags = 0

Total triangle count: 256
Writing d:\steam\steamapps\sourcemods\brutalhl2\maps\bhl2_devmap_1.bsp
0 seconds elapsed



materialPath: D:\Steam\steamapps\common\Source SDK Base 2013 Singleplayer\hl2\materials
Loading D:\Steam\steamapps\sourcemods\BrutalHL2\maps\bhl2_devmap_1.vmf
Could not locate 'GameData' key in d:\steam\steamapps\common\source sdk base 2013 singleplayer\hl2\gameinfo.txt
fixing up env_cubemap materials on brush sides...
0...1...2...3...4...5...6...7...8...9...100...1...2...3...4...5...6...7...8...9...10Processing areas...done (0)
Building Faces...done (0)
Chop Details...done (0)
Find Visible Detail Sides...done (0)
Merging details...done (0)
FixTjuncs...
PruneNodes...
WriteBSP...
done (0)
writing D:\Steam\steamapps\sourcemods\BrutalHL2\maps\bhl2_devmap_1.prt...Building visibility clusters...
done (0)
Creating default LDR cubemaps for env_cubemap using skybox materials:
   skybox/sky_day01_01*.vmt
 ! Run buildcubemaps in the engine to get the correct cube maps.
Creating default HDR cubemaps for env_cubemap using skybox materials:
   skybox/sky_day01_01*.vmt
 ! Run buildcubemaps in the engine to get the correct cube maps.
Finding displacement neighbors...
Finding lightmap sample positions...
Displacement Alpha : 0...1...2...3...4...5...6...7...8...9...10
Building Physics collision data...
done (0) (11387 bytes)
Placing detail props : 0...1...2...3...4...5...6...7...8...9...10
Compacting texture/material tables...
Reduced 53 texinfos to 30
Reduced 8 texdatas to 8 (178 bytes to 178)
Writing D:\Steam\steamapps\sourcemods\BrutalHL2\maps\bhl2_devmap_1.bsp
0 seconds elapsed



8 threads
reading d:\steam\steamapps\sourcemods\brutalhl2\maps\bhl2_devmap_1.bsp
reading d:\steam\steamapps\sourcemods\brutalhl2\maps\bhl2_devmap_1.prt
  30 portalclusters
  67 numportals
0...1...2...3...4...5...6...7...8...9...100...1...2...3...4...5...6...7...8...9...10Optimized: 0 visible clusters (0.00%)
Total clusters visible: 718
Average clusters visible: 23
Building PAS...
Average clusters audible: 30
visdatasize:488  compressed from 480
writing d:\steam\steamapps\sourcemods\brutalhl2\maps\bhl2_devmap_1.bsp
0 seconds elapsed



Could not find lights.rad in lights.rad.
Trying VRAD BIN directory instead...
Warning: Couldn't open texlight file D:\Steam\steamapps\common\Source SDK Base 2013 Singleplayer\bin\lights.rad.
Loading d:\steam\steamapps\sourcemods\brutalhl2\maps\bhl2_devmap_1.bsp
116 faces
34763 square feet [5005888.00 square inches]
0 Displacements
0 Square Feet [0.00 Square Inches]
116 patches before subdivision
1526 patches after subdivision
4 direct lights
0...1...2...3...4...5...6...7...8...9...100...1...2...3...4...5...6...7...8...9...10transfers 39197, max 158
transfer lists:   0.3 megs
0...1...2...3...4...5...6...7...8...9...10	Bounce #1 added RGB(10806, 4087, 1493)
0...1...2...3...4...5...6...7...8...9...10	Bounce #2 added RGB(4017, 561, 56)
0...1...2...3...4...5...6...7...8...9...10	Bounce #3 added RGB(1491, 77, 3)
0...1...2...3...4...5...6...7...8...9...10	Bounce #4 added RGB(556, 11, 0)
0...1...2...3...4...5...6...7...8...9...10	Bounce #5 added RGB(208, 1, 0)
0...1...2...3...4...5...6...7...8...9...10	Bounce #6 added RGB(78, 0, 0)
0...1...2...3...4...5...6...7...8...9...10	Bounce #7 added RGB(29, 0, 0)
0...1...2...3...4...5...6...7...8...9...10	Bounce #8 added RGB(11, 0, 0)
0...1...2...3...4...5...6...7...8...9...10	Bounce #9 added RGB(4, 0, 0)
0...1...2...3...4...5...6...7...8...9...10	Bounce #10 added RGB(2, 0, 0)
0...1...2...3...4...5...6...7...8...9...10	Bounce #11 added RGB(1, 0, 0)
Build Patch/Sample Hash Table(s).....Done<0.0002 sec>
0...1...2...3...4...5...6...7...8...9...10FinalLightFace Done
0 of 0 (0% of) surface lights went in leaf ambient cubes.
0...1...2...3...4...5...6...7...8...9...10Writing leaf ambient...done
Ready to Finish

Object names       Objects/Maxobjs  Memory / Maxmem  Fullness 
------------       ---------------  ---------------  -------- 
models                   5/1024          240/49152    ( 0.5%) 
brushes                 29/8192          348/98304    ( 0.4%) 
brushsides             174/65536        1392/524288   ( 0.3%) 
planes                 132/65536        2640/1310720  ( 0.2%) 
vertexes               187/65536        2244/786432   ( 0.3%) 
nodes                  104/65536        3328/2097152  ( 0.2%) 
texinfos                30/12288        2160/884736   ( 0.2%) 
texdata                  8/2048          256/65536    ( 0.4%) 
dispinfos                0/0               0/0        ( 0.0%) 
disp_verts               0/0               0/0        ( 0.0%) 
disp_tris                0/0               0/0        ( 0.0%) 
disp_lmsamples           0/0               0/0        ( 0.0%) 
faces                  116/65536        6496/3670016  ( 0.2%) 
hdr faces                0/65536           0/3670016  ( 0.0%) 
origfaces               84/65536        4704/3670016  ( 0.1%) 
leaves                 110/65536        3520/2097152  ( 0.2%) 
leaffaces              142/65536         284/131072   ( 0.2%) 
leafbrushes             50/65536         100/131072   ( 0.1%) 
areas                    2/256            16/2048     ( 0.8%) 
surfedges              868/512000       3472/2048000  ( 0.2%) 
edges                  507/256000       2028/1024000  ( 0.2%) 
LDR worldlights          4/8192          352/720896   ( 0.0%) 
HDR worldlights          0/8192            0/720896   ( 0.0%) 
leafwaterdata            0/32768           0/393216   ( 0.0%) 
waterstrips              8/32768          80/327680   ( 0.0%) 
waterverts               0/65536           0/786432   ( 0.0%) 
waterindices           129/65536         258/131072   ( 0.2%) 
cubemapsamples           0/1024            0/16384    ( 0.0%) 
overlays                 0/512             0/180224   ( 0.0%) 
LDR lightdata         [variable]       21792/0        ( 0.0%) 
HDR lightdata         [variable]           0/0        ( 0.0%) 
visdata               [variable]         488/16777216 ( 0.0%) 
entdata               [variable]        5500/393216   ( 1.4%) 
LDR ambient table      110/65536         440/262144   ( 0.2%) 
HDR ambient table      110/65536         440/262144   ( 0.2%) 
LDR leaf ambient       285/65536        7980/1835008  ( 0.4%) 
HDR leaf ambient       110/65536        3080/1835008  ( 0.2%) 
occluders                0/0               0/0        ( 0.0%) 
occluder polygons        0/0               0/0        ( 0.0%) 
occluder vert ind        0/0               0/0        ( 0.0%) 
detail props          [variable]           1/12       ( 8.3%) 
static props          [variable]           1/12       ( 8.3%) 
pakfile               [variable]      105683/0        ( 0.0%) 
physics               [variable]       11387/4194304  ( 0.3%) 
physics terrain       [variable]           2/1048576  ( 0.0%) 

Level flags = 0

Total triangle count: 300
Writing d:\steam\steamapps\sourcemods\brutalhl2\maps\bhl2_devmap_1.bsp
0 seconds elapsed



materialPath: D:\Steam\steamapps\common\Source SDK Base 2013 Singleplayer\hl2\materials
Loading D:\Steam\steamapps\sourcemods\BrutalHL2\maps\bhl2_devmap_1.vmf
Could not locate 'GameData' key in d:\steam\steamapps\common\source sdk base 2013 singleplayer\hl2\gameinfo.txt
fixing up env_cubemap materials on brush sides...
0...1...2...3...4...5...6...7...8...9...100...1...2...3...4...5...6...7...8...9...10Processing areas...done (0)
Building Faces...done (0)
Chop Details...done (0)
Find Visible Detail Sides...done (0)
Merging details...done (0)
FixTjuncs...
PruneNodes...
WriteBSP...
done (0)
writing D:\Steam\steamapps\sourcemods\BrutalHL2\maps\bhl2_devmap_1.prt...Building visibility clusters...
done (0)
Creating default LDR cubemaps for env_cubemap using skybox materials:
   skybox/sky_day01_01*.vmt
 ! Run buildcubemaps in the engine to get the correct cube maps.
Creating default HDR cubemaps for env_cubemap using skybox materials:
   skybox/sky_day01_01*.vmt
 ! Run buildcubemaps in the engine to get the correct cube maps.
Finding displacement neighbors...
Finding lightmap sample positions...
Displacement Alpha : 0...1...2...3...4...5...6...7...8...9...10
Building Physics collision data...
done (0) (11387 bytes)
Placing detail props : 0...1...2...3...4...5...6...7...8...9...10
Compacting texture/material tables...
Reduced 53 texinfos to 30
Reduced 8 texdatas to 8 (178 bytes to 178)
Writing D:\Steam\steamapps\sourcemods\BrutalHL2\maps\bhl2_devmap_1.bsp
0 seconds elapsed



8 threads
reading d:\steam\steamapps\sourcemods\brutalhl2\maps\bhl2_devmap_1.bsp
reading d:\steam\steamapps\sourcemods\brutalhl2\maps\bhl2_devmap_1.prt
  30 portalclusters
  67 numportals
0...1...2...3...4...5...6...7...8...9...100...1...2...3...4...5...6...7...8...9...10Optimized: 0 visible clusters (0.00%)
Total clusters visible: 718
Average clusters visible: 23
Building PAS...
Average clusters audible: 30
visdatasize:488  compressed from 480
writing d:\steam\steamapps\sourcemods\brutalhl2\maps\bhl2_devmap_1.bsp
0 seconds elapsed



Could not find lights.rad in lights.rad.
Trying VRAD BIN directory instead...
Warning: Couldn't open texlight file D:\Steam\steamapps\common\Source SDK Base 2013 Singleplayer\bin\lights.rad.
Loading d:\steam\steamapps\sourcemods\brutalhl2\maps\bhl2_devmap_1.bsp
116 faces
34763 square feet [5005888.00 square inches]
0 Displacements
0 Square Feet [0.00 Square Inches]
116 patches before subdivision
1526 patches after subdivision
4 direct lights
0...1...2...3...4...5...6...7...8...9...100...1...2...3...4...5...6...7...8...9...10transfers 39197, max 158
transfer lists:   0.3 megs
0...1...2...3...4...5...6...7...8...9...10	Bounce #1 added RGB(10805, 3914, 1299)
0...1...2...3...4...5...6...7...8...9...10	Bounce #2 added RGB(4017, 537, 53)
0...1...2...3...4...5...6...7...8...9...10	Bounce #3 added RGB(1491, 74, 3)
0...1...2...3...4...5...6...7...8...9...10	Bounce #4 added RGB(556, 10, 0)
0...1...2...3...4...5...6...7...8...9...10	Bounce #5 added RGB(208, 1, 0)
0...1...2...3...4...5...6...7...8...9...10	Bounce #6 added RGB(78, 0, 0)
0...1...2...3...4...5...6...7...8...9...10	Bounce #7 added RGB(29, 0, 0)
0...1...2...3...4...5...6...7...8...9...10	Bounce #8 added RGB(11, 0, 0)
0...1...2...3...4...5...6...7...8...9...10	Bounce #9 added RGB(4, 0, 0)
0...1...2...3...4...5...6...7...8...9...10	Bounce #10 added RGB(2, 0, 0)
0...1...2...3...4...5...6...7...8...9...10	Bounce #11 added RGB(1, 0, 0)
Build Patch/Sample Hash Table(s).....Done<0.0002 sec>
0...1...2...3...4...5...6...7...8...9...10FinalLightFace Done
0 of 0 (0% of) surface lights went in leaf ambient cubes.
0...1...2...3...4...5...6...7...8...9...10Writing leaf ambient...done
Ready to Finish

Object names       Objects/Maxobjs  Memory / Maxmem  Fullness 
------------       ---------------  ---------------  -------- 
models                   5/1024          240/49152    ( 0.5%) 
brushes                 29/8192          348/98304    ( 0.4%) 
brushsides             174/65536        1392/524288   ( 0.3%) 
planes                 132/65536        2640/1310720  ( 0.2%) 
vertexes               187/65536        2244/786432   ( 0.3%) 
nodes                  104/65536        3328/2097152  ( 0.2%) 
texinfos                30/12288        2160/884736   ( 0.2%) 
texdata                  8/2048          256/65536    ( 0.4%) 
dispinfos                0/0               0/0        ( 0.0%) 
disp_verts               0/0               0/0        ( 0.0%) 
disp_tris                0/0               0/0        ( 0.0%) 
disp_lmsamples           0/0               0/0        ( 0.0%) 
faces                  116/65536        6496/3670016  ( 0.2%) 
hdr faces                0/65536           0/3670016  ( 0.0%) 
origfaces               84/65536        4704/3670016  ( 0.1%) 
leaves                 110/65536        3520/2097152  ( 0.2%) 
leaffaces              142/65536         284/131072   ( 0.2%) 
leafbrushes             50/65536         100/131072   ( 0.1%) 
areas                    2/256            16/2048     ( 0.8%) 
surfedges              868/512000       3472/2048000  ( 0.2%) 
edges                  507/256000       2028/1024000  ( 0.2%) 
LDR worldlights          4/8192          352/720896   ( 0.0%) 
HDR worldlights          0/8192            0/720896   ( 0.0%) 
leafwaterdata            0/32768           0/393216   ( 0.0%) 
waterstrips              8/32768          80/327680   ( 0.0%) 
waterverts               0/65536           0/786432   ( 0.0%) 
waterindices           129/65536         258/131072   ( 0.2%) 
cubemapsamples           0/1024            0/16384    ( 0.0%) 
overlays                 0/512             0/180224   ( 0.0%) 
LDR lightdata         [variable]       21792/0        ( 0.0%) 
HDR lightdata         [variable]           0/0        ( 0.0%) 
visdata               [variable]         488/16777216 ( 0.0%) 
entdata               [variable]        5502/393216   ( 1.4%) 
LDR ambient table      110/65536         440/262144   ( 0.2%) 
HDR ambient table      110/65536         440/262144   ( 0.2%) 
LDR leaf ambient       284/65536        7952/1835008  ( 0.4%) 
HDR leaf ambient       110/65536        3080/1835008  ( 0.2%) 
occluders                0/0               0/0        ( 0.0%) 
occluder polygons        0/0               0/0        ( 0.0%) 
occluder vert ind        0/0               0/0        ( 0.0%) 
detail props          [variable]           1/12       ( 8.3%) 
static props          [variable]           1/12       ( 8.3%) 
pakfile               [variable]      105683/0        ( 0.0%) 
physics               [variable]       11387/4194304  ( 0.3%) 
physics terrain       [variable]           2/1048576  ( 0.0%) 

Level flags = 0

Total triangle count: 300
Writing d:\steam\steamapps\sourcemods\brutalhl2\maps\bhl2_devmap_1.bsp
0 seconds elapsed



materialPath: D:\Steam\steamapps\common\Source SDK Base 2013 Singleplayer\hl2\materials
Loading D:\Steam\steamapps\sourcemods\BrutalHL2\maps\bhl2_devmap_1.vmf
Could not locate 'GameData' key in d:\steam\steamapps\common\source sdk base 2013 singleplayer\hl2\gameinfo.txt
fixing up env_cubemap materials on brush sides...
0...1...2...3...4...5...6...7...8...9...100...1...2...3...4...5...6...7...8...9...10Processing areas...done (0)
Building Faces...done (0)
Chop Details...done (0)
Find Visible Detail Sides...done (0)
Merging details...done (0)
FixTjuncs...
PruneNodes...
WriteBSP...
done (0)
writing D:\Steam\steamapps\sourcemods\BrutalHL2\maps\bhl2_devmap_1.prt...Building visibility clusters...
done (0)
Creating default LDR cubemaps for env_cubemap using skybox materials:
   skybox/sky_day01_01*.vmt
 ! Run buildcubemaps in the engine to get the correct cube maps.
Creating default HDR cubemaps for env_cubemap using skybox materials:
   skybox/sky_day01_01*.vmt
 ! Run buildcubemaps in the engine to get the correct cube maps.
Finding displacement neighbors...
Finding lightmap sample positions...
Displacement Alpha : 0...1...2...3...4...5...6...7...8...9...10
Building Physics collision data...
done (0) (11936 bytes)
Placing detail props : 0...1...2...3...4...5...6...7...8...9...10
Compacting texture/material tables...
Reduced 59 texinfos to 33
Reduced 9 texdatas to 9 (204 bytes to 204)
Writing D:\Steam\steamapps\sourcemods\BrutalHL2\maps\bhl2_devmap_1.bsp
0 seconds elapsed



8 threads
reading d:\steam\steamapps\sourcemods\brutalhl2\maps\bhl2_devmap_1.bsp
reading d:\steam\steamapps\sourcemods\brutalhl2\maps\bhl2_devmap_1.prt
  30 portalclusters
  67 numportals
0...1...2...3...4...5...6...7...8...9...100...1...2...3...4...5...6...7...8...9...10Optimized: 0 visible clusters (0.00%)
Total clusters visible: 718
Average clusters visible: 23
Building PAS...
Average clusters audible: 30
visdatasize:488  compressed from 480
writing d:\steam\steamapps\sourcemods\brutalhl2\maps\bhl2_devmap_1.bsp
0 seconds elapsed



Could not find lights.rad in lights.rad.
Trying VRAD BIN directory instead...
Warning: Couldn't open texlight file D:\Steam\steamapps\common\Source SDK Base 2013 Singleplayer\bin\lights.rad.
Loading d:\steam\steamapps\sourcemods\brutalhl2\maps\bhl2_devmap_1.bsp
122 faces
34766 square feet [5006336.00 square inches]
0 Displacements
0 Square Feet [0.00 Square Inches]
122 patches before subdivision
1532 patches after subdivision
4 direct lights
0...1...2...3...4...5...6...7...8...9...100...1...2...3...4...5...6...7...8...9...10transfers 39505, max 158
transfer lists:   0.3 megs
0...1...2...3...4...5...6...7...8...9...10	Bounce #1 added RGB(10889, 3951, 1313)
0...1...2...3...4...5...6...7...8...9...10	Bounce #2 added RGB(4048, 541, 54)
0...1...2...3...4...5...6...7...8...9...10	Bounce #3 added RGB(1502, 74, 3)
0...1...2...3...4...5...6...7...8...9...10	Bounce #4 added RGB(560, 10, 0)
0...1...2...3...4...5...6...7...8...9...10	Bounce #5 added RGB(209, 1, 0)
0...1...2...3...4...5...6...7...8...9...10	Bounce #6 added RGB(78, 0, 0)
0...1...2...3...4...5...6...7...8...9...10	Bounce #7 added RGB(29, 0, 0)
0...1...2...3...4...5...6...7...8...9...10	Bounce #8 added RGB(11, 0, 0)
0...1...2...3...4...5...6...7...8...9...10	Bounce #9 added RGB(4, 0, 0)
0...1...2...3...4...5...6...7...8...9...10	Bounce #10 added RGB(2, 0, 0)
0...1...2...3...4...5...6...7...8...9...10	Bounce #11 added RGB(1, 0, 0)
Build Patch/Sample Hash Table(s).....Done<0.0002 sec>
0...1...2...3...4...5...6...7...8...9...10FinalLightFace Done
0 of 0 (0% of) surface lights went in leaf ambient cubes.
0...1...2...3...4...5...6...7...8...9...10Writing leaf ambient...done
Ready to Finish

Object names       Objects/Maxobjs  Memory / Maxmem  Fullness 
------------       ---------------  ---------------  -------- 
models                   6/1024          288/49152    ( 0.6%) 
brushes                 30/8192          360/98304    ( 0.4%) 
brushsides             180/65536        1440/524288   ( 0.3%) 
planes                 136/65536        2720/1310720  ( 0.2%) 
vertexes               195/65536        2340/786432   ( 0.3%) 
nodes                  110/65536        3520/2097152  ( 0.2%) 
texinfos                33/12288        2376/884736   ( 0.3%) 
texdata                  9/2048          288/65536    ( 0.4%) 
dispinfos                0/0               0/0        ( 0.0%) 
disp_verts               0/0               0/0        ( 0.0%) 
disp_tris                0/0               0/0        ( 0.0%) 
disp_lmsamples           0/0               0/0        ( 0.0%) 
faces                  122/65536        6832/3670016  ( 0.2%) 
hdr faces                0/65536           0/3670016  ( 0.0%) 
origfaces               90/65536        5040/3670016  ( 0.1%) 
leaves                 117/65536        3744/2097152  ( 0.2%) 
leaffaces              148/65536         296/131072   ( 0.2%) 
leafbrushes             51/65536         102/131072   ( 0.1%) 
areas                    2/256            16/2048     ( 0.8%) 
surfedges              916/512000       3664/2048000  ( 0.2%) 
edges                  531/256000       2124/1024000  ( 0.2%) 
LDR worldlights          4/8192          352/720896   ( 0.0%) 
HDR worldlights          0/8192            0/720896   ( 0.0%) 
leafwaterdata            0/32768           0/393216   ( 0.0%) 
waterstrips              8/32768          80/327680   ( 0.0%) 
waterverts               0/65536           0/786432   ( 0.0%) 
waterindices           129/65536         258/131072   ( 0.2%) 
cubemapsamples           0/1024            0/16384    ( 0.0%) 
overlays                 0/512             0/180224   ( 0.0%) 
LDR lightdata         [variable]       21944/0        ( 0.0%) 
HDR lightdata         [variable]           0/0        ( 0.0%) 
visdata               [variable]         488/16777216 ( 0.0%) 
entdata               [variable]        7323/393216   ( 1.9%) 
LDR ambient table      117/65536         468/262144   ( 0.2%) 
HDR ambient table      117/65536         468/262144   ( 0.2%) 
LDR leaf ambient       290/65536        8120/1835008  ( 0.4%) 
HDR leaf ambient       117/65536        3276/1835008  ( 0.2%) 
occluders                0/0               0/0        ( 0.0%) 
occluder polygons        0/0               0/0        ( 0.0%) 
occluder vert ind        0/0               0/0        ( 0.0%) 
detail props          [variable]           1/12       ( 8.3%) 
static props          [variable]           1/12       ( 8.3%) 
pakfile               [variable]      105683/0        ( 0.0%) 
physics               [variable]       11936/4194304  ( 0.3%) 
physics terrain       [variable]           2/1048576  ( 0.0%) 

Level flags = 0

Total triangle count: 312
Writing d:\steam\steamapps\sourcemods\brutalhl2\maps\bhl2_devmap_1.bsp
0 seconds elapsed
