PRT1
30
67
4 0 20 (240 0 496 ) (16 0 496 ) (16 0 -240 ) (240 0 -240 ) 
4 0 2 (16 0 144 ) (16 0 496 ) (16 272 496 ) (16 272 144 ) 
4 0 3 (16 272 -240 ) (16 0 -240 ) (16 0 -16 ) (16 272 -16 ) 
4 0 1 (16 496 496 ) (16 496 -240 ) (16 272 -240 ) (16 272 496 ) 
4 1 19 (0 496 -16 ) (0 496 -240 ) (0 272 -240 ) (0 272 -16 ) 
4 1 4 (0 272 496 ) (0 496 496 ) (0 496 -16 ) (0 272 -16 ) 
4 1 2 (16 272 144 ) (16 272 496 ) (0 272 496 ) (0 272 144 ) 
4 1 3 (0 272 -240 ) (16 272 -240 ) (16 272 -16 ) (0 272 -16 ) 
4 2 21 (16 0 496 ) (0 0 496 ) (0 0 144 ) (16 0 144 ) 
4 2 8 (0 0 144 ) (0 0 496 ) (0 256 496 ) (0 256 144 ) 
4 2 5 (0 256 496 ) (0 272 496 ) (0 272 144 ) (0 256 144 ) 
4 3 22 (0 0 -16 ) (0 0 -240 ) (16 0 -240 ) (16 0 -16 ) 
4 3 19 (0 0 -240 ) (0 0 -16 ) (0 272 -16 ) (0 272 -240 ) 
4 4 19 (0 496 -16 ) (0 272 -16 ) (-752 272 -16 ) (-752 496 -16 ) 
4 4 6 (-512 272 144 ) (-512 272 496 ) (-528 272 496 ) (-528 272 144 ) 
4 4 7 (-752 272 -16 ) (-528 272 -16 ) (-528 272 496 ) (-752 272 496 ) 
4 4 5 (0 272 144 ) (0 272 496 ) (-512 272 496 ) (-512 272 144 ) 
4 5 14 (-352 256 496 ) (-416 256 496 ) (-416 256 144 ) (-352 256 144 ) 
4 5 13 (-256 256 496 ) (-352 256 496 ) (-352 256 144 ) (-256 256 144 ) 
4 5 16 (-416 256 496 ) (-512 256 496 ) (-512 256 144 ) (-416 256 144 ) 
4 5 10 (-240 256 496 ) (-256 256 496 ) (-256 256 144 ) (-240 256 144 ) 
4 5 8 (0 256 144 ) (0 256 496 ) (-240 256 496 ) (-240 256 144 ) 
4 5 6 (-512 272 496 ) (-512 272 144 ) (-512 256 144 ) (-512 256 496 ) 
4 6 17 (-512 256 144 ) (-512 256 496 ) (-528 256 496 ) (-528 256 144 ) 
4 6 7 (-528 272 496 ) (-528 272 144 ) (-528 256 144 ) (-528 256 496 ) 
4 7 19 (-528 256 -16 ) (-752 256 -16 ) (-752 272 -16 ) (-528 272 -16 ) 
4 7 18 (-752 256 -16 ) (-528 256 -16 ) (-528 256 496 ) (-752 256 496 ) 
4 8 24 (0 0 144 ) (0 0 496 ) (-240 0 496 ) (-240 0 144 ) 
4 8 10 (-240 256 496 ) (-240 256 144 ) (-240 0 144 ) (-240 0 496 ) 
4 9 11 (-240 240 16 ) (-240 16 16 ) (-240 16 112 ) (-240 240 112 ) 
4 10 24 (-256 0 496 ) (-256 0 144 ) (-240 0 144 ) (-240 0 496 ) 
4 10 13 (-256 256 496 ) (-256 256 144 ) (-256 0 144 ) (-256 0 496 ) 
4 11 13 (-256 240 16 ) (-256 16 16 ) (-256 16 112 ) (-256 240 112 ) 
4 11 12 (-252 240 16 ) (-244 240 16 ) (-244 16 16 ) (-252 16 16 ) 
4 13 24 (-256 0 144 ) (-256 0 496 ) (-352 0 496 ) (-352 0 144 ) 
4 13 14 (-352 192 8 ) (-352 192 496 ) (-352 256 496 ) (-352 256 8 ) 
4 13 15 (-352 192 0 ) (-352 0 0 ) (-352 0 496 ) (-352 192 496 ) 
4 14 15 (-416 192 496 ) (-416 192 8 ) (-352 192 8 ) (-352 192 496 ) 
4 14 16 (-416 192 8 ) (-416 192 496 ) (-416 256 496 ) (-416 256 8 ) 
4 15 24 (-352 0 496 ) (-416 0 496 ) (-416 0 144 ) (-352 0 144 ) 
4 15 16 (-416 192 0 ) (-416 0 0 ) (-416 0 496 ) (-416 192 496 ) 
4 16 24 (-416 0 496 ) (-512 0 496 ) (-512 0 144 ) (-416 0 144 ) 
4 16 17 (-512 0 496 ) (-512 256 496 ) (-512 256 144 ) (-512 0 144 ) 
4 17 26 (-512 0 144 ) (-512 0 496 ) (-528 0 496 ) (-528 0 144 ) 
4 17 18 (-528 0 496 ) (-528 256 496 ) (-528 256 144 ) (-528 0 144 ) 
4 18 28 (-752 0 -16 ) (-528 0 -16 ) (-528 0 496 ) (-752 0 496 ) 
4 18 19 (-528 0 -16 ) (-752 0 -16 ) (-752 256 -16 ) (-528 256 -16 ) 
4 19 28 (-528 0 -16 ) (-752 0 -16 ) (-752 0 -240 ) (-528 0 -240 ) 
4 19 27 (-512 0 -16 ) (-528 0 -16 ) (-528 0 -240 ) (-512 0 -240 ) 
4 19 25 (0 0 -240 ) (0 0 -16 ) (-512 0 -16 ) (-512 0 -240 ) 
4 20 21 (16 -16 144 ) (16 -16 496 ) (16 0 496 ) (16 0 144 ) 
4 20 22 (16 0 -240 ) (16 -16 -240 ) (16 -16 -16 ) (16 0 -16 ) 
4 20 23 (16 -16 -240 ) (16 -240 -240 ) (16 -240 496 ) (16 -16 496 ) 
4 21 24 (0 0 496 ) (0 0 144 ) (0 -16 144 ) (0 -16 496 ) 
4 21 23 (16 -16 144 ) (16 -16 496 ) (0 -16 496 ) (0 -16 144 ) 
4 22 25 (0 0 -16 ) (0 0 -240 ) (0 -16 -240 ) (0 -16 -16 ) 
4 22 23 (0 -16 -240 ) (16 -16 -240 ) (16 -16 -16 ) (0 -16 -16 ) 
4 23 29 (0 -16 -240 ) (0 -240 -240 ) (0 -240 496 ) (0 -16 496 ) 
4 24 29 (0 -16 144 ) (0 -16 496 ) (-512 -16 496 ) (-512 -16 144 ) 
4 24 26 (-512 -16 144 ) (-512 -16 496 ) (-512 0 496 ) (-512 0 144 ) 
4 25 29 (-512 -16 -240 ) (0 -16 -240 ) (0 -16 -16 ) (-512 -16 -16 ) 
4 25 27 (-512 0 -240 ) (-512 -16 -240 ) (-512 -16 -16 ) (-512 0 -16 ) 
4 26 29 (-512 -16 144 ) (-512 -16 496 ) (-528 -16 496 ) (-528 -16 144 ) 
4 26 28 (-528 -16 144 ) (-528 -16 496 ) (-528 0 496 ) (-528 0 144 ) 
4 27 29 (-528 -16 -240 ) (-512 -16 -240 ) (-512 -16 -16 ) (-528 -16 -16 ) 
4 27 28 (-528 0 -240 ) (-528 -16 -240 ) (-528 -16 -16 ) (-528 0 -16 ) 
4 28 29 (-752 -16 -240 ) (-528 -16 -240 ) (-528 -16 496 ) (-752 -16 496 ) 
