PRT1
103
254
4 0 2 (1024 1024 -226 ) (1024 1024 1154 ) (1024 1448.829956 1154 ) (1024 1448.829956 -226 ) 
4 0 1 (1024 1024 1154 ) (1024 1024 -226 ) (1279.500000 1024 -226 ) (1279.500000 1024 1154 ) 
4 1 81 (1279.500000 0 1154 ) (1024 0 1154 ) (1024 0 -226 ) (1279.500000 0 -226 ) 
4 1 8 (1024 0 -226 ) (1024 0 -16 ) (1024 1024 -16 ) (1024 1024 -226 ) 
4 1 3 (1024 0 -16 ) (1024 0 1154 ) (1024 1024 1154 ) (1024 1024 -16 ) 
4 2 9 (0 1024 -226 ) (0 1024 1154 ) (0 1448.829956 1154 ) (0 1448.829956 -226 ) 
4 2 8 (1024 1024 -226 ) (1024 1024 -16 ) (0 1024 -16 ) (0 1024 -226 ) 
4 2 4 (16 1024 1154 ) (0 1024 1154 ) (0 1024 -16 ) (16 1024 -16 ) 
4 2 3 (1024 1024 -16 ) (1024 1024 1154 ) (16 1024 1154 ) (16 1024 -16 ) 
4 3 83 (1024 0 -16 ) (1024 0 1154 ) (16 0 1154 ) (16 0 -16 ) 
4 3 8 (1024 0 -16 ) (16 0 -16 ) (16 1024 -16 ) (1024 1024 -16 ) 
4 3 7 (16 0 144 ) (16 0 1154 ) (16 256 1154 ) (16 256 144 ) 
4 3 6 (16 272 -16 ) (16 256 -16 ) (16 256 1154 ) (16 272 1154 ) 
4 3 5 (16 272 320 ) (16 272 1154 ) (16 528 1154 ) (16 528 320 ) 
4 3 4 (16 1024 -16 ) (16 528 -16 ) (16 528 1154 ) (16 1024 1154 ) 
4 4 11 (0 528 1154 ) (0 544 1154 ) (0 544 320 ) (0 528 320 ) 
4 4 10 (0 544 1154 ) (0 1024 1154 ) (0 1024 -16 ) (0 544 -16 ) 
4 4 8 (0 528 -16 ) (0 1024 -16 ) (16 1024 -16 ) (16 528 -16 ) 
4 4 5 (16 528 320 ) (16 528 1154 ) (0 528 1154 ) (0 528 320 ) 
4 5 14 (0 272 1154 ) (0 528 1154 ) (0 528 336 ) (0 272 336 ) 
4 5 6 (16 272 320 ) (16 272 1154 ) (0 272 1154 ) (0 272 320 ) 
4 6 60 (0 256 1154 ) (0 272 1154 ) (0 272 320 ) (0 256 320 ) 
4 6 8 (0 256 -16 ) (0 272 -16 ) (16 272 -16 ) (16 256 -16 ) 
4 6 7 (16 256 144 ) (16 256 1154 ) (0 256 1154 ) (0 256 144 ) 
4 7 83 (16 0 1154 ) (0 0 1154 ) (0 0 144 ) (16 0 144 ) 
4 7 63 (0 0 144 ) (0 0 160 ) (0 256 160 ) (0 256 144 ) 
4 7 62 (0 0 160 ) (0 0 1154 ) (0 256 1154 ) (0 256 160 ) 
4 8 83 (1024 0 -226 ) (1024 0 -16 ) (0 0 -16 ) (0 0 -226 ) 
4 8 73 (0 0 -226 ) (0 0 -16 ) (0 272 -16 ) (0 272 -226 ) 
4 8 54 (0 272 -16 ) (0 528 -16 ) (0 528 -226 ) (0 272 -226 ) 
4 8 12 (0 528 -16 ) (0 544 -16 ) (0 544 -226 ) (0 528 -226 ) 
4 8 10 (0 544 -16 ) (0 1024 -16 ) (0 1024 -226 ) (0 544 -226 ) 
4 9 13 (-512 1024 1154 ) (-735.500000 1024 1154 ) (-735.500000 1024 -226 ) (-512 1024 -226 ) 
4 9 10 (0 1024 -226 ) (0 1024 1154 ) (-512 1024 1154 ) (-512 1024 -226 ) 
4 10 13 (-512 1024 -226 ) (-512 544 -226 ) (-512 544 1154 ) (-512 1024 1154 ) 
4 10 11 (-512 544 1154 ) (-512 544 320 ) (0 544 320 ) (0 544 1154 ) 
4 10 12 (-512 544 -16 ) (-512 544 -226 ) (0 544 -226 ) (0 544 -16 ) 
4 11 18 (-240 528 1154 ) (-512 528 1154 ) (-512 528 336 ) (-240 528 336 ) 
4 11 16 (-16 528 1154 ) (-240 528 1154 ) (-240 528 336 ) (-16 528 336 ) 
4 11 14 (0 528 336 ) (0 528 1154 ) (-16 528 1154 ) (-16 528 336 ) 
4 11 13 (-512 528 320 ) (-512 528 1154 ) (-512 544 1154 ) (-512 544 320 ) 
4 12 57 (-512 528 -226 ) (-272 528 -226 ) (-272 528 -16 ) (-512 528 -16 ) 
4 12 54 (-272 528 -226 ) (0 528 -226 ) (0 528 -16 ) (-272 528 -16 ) 
4 12 13 (-512 544 -226 ) (-512 528 -226 ) (-512 528 -16 ) (-512 544 -16 ) 
4 13 59 (-735.500000 528 -226 ) (-528 528 -226 ) (-528 528 160 ) (-735.500000 528 160 ) 
4 13 58 (-528 528 -226 ) (-512 528 -226 ) (-512 528 -16 ) (-528 528 -16 ) 
4 13 33 (-528 528 320 ) (-735.500000 528 320 ) (-735.500000 528 160 ) (-528 528 160 ) 
4 13 19 (-512 528 320 ) (-512 528 1154 ) (-735.500000 528 1154 ) (-735.500000 528 320 ) 
4 14 60 (0 272 336 ) (0 272 1154 ) (-16 272 1154 ) (-16 272 336 ) 
4 14 16 (-16 528 1154 ) (-16 528 336 ) (-16 272 336 ) (-16 272 1154 ) 
4 15 34 (-16 352 160 ) (-16 528 160 ) (0 528 160 ) (0 352 160 ) 
4 15 26 (-16 528 192 ) (-16 528 160 ) (-16 272 160 ) (-16 272 192 ) 
4 15 21 (-16 304 192 ) (-16 272 192 ) (-16 272 320 ) (-16 304 320 ) 
4 15 20 (-16 528 320 ) (-16 528 192 ) (-16 304 192 ) (-16 304 320 ) 
4 16 60 (-240 272 1154 ) (-240 272 336 ) (-16 272 336 ) (-16 272 1154 ) 
4 16 18 (-240 528 1154 ) (-240 528 336 ) (-240 272 336 ) (-240 272 1154 ) 
4 16 17 (-240 288 336 ) (-240 512 336 ) (-16 512 336 ) (-16 288 336 ) 
4 17 25 (-160 288 320 ) (-240 288 320 ) (-240 304 320 ) (-160 304 320 ) 
4 17 22 (-88 288 320 ) (-136 288 320 ) (-136 304 320 ) (-88 304 320 ) 
4 17 21 (-16 304 320 ) (-16 288 320 ) (-88 288 320 ) (-88 304 320 ) 
4 17 24 (-136 288 320 ) (-160 288 320 ) (-160 304 320 ) (-136 304 320 ) 
4 17 20 (-16 512 320 ) (-16 304 320 ) (-240 304 320 ) (-240 512 320 ) 
4 18 60 (-240 272 336 ) (-240 272 1154 ) (-512 272 1154 ) (-512 272 336 ) 
4 18 19 (-512 272 336 ) (-512 272 1154 ) (-512 528 1154 ) (-512 528 336 ) 
4 19 60 (-735.500000 272 320 ) (-512 272 320 ) (-512 272 1154 ) (-735.500000 272 1154 ) 
4 19 33 (-735.500000 528 320 ) (-528 528 320 ) (-528 272 320 ) (-735.500000 272 320 ) 
4 20 31 (-256 496 192 ) (-256 304 192 ) (-256 304 288 ) (-256 496 288 ) 
4 20 29 (-232 528 192 ) (-184 528 192 ) (-184 304 192 ) (-232 304 192 ) 
4 20 28 (-184 528 192 ) (-120 528 192 ) (-120 304 192 ) (-184 304 192 ) 
4 20 30 (-256 304 192 ) (-256 528 192 ) (-232 528 192 ) (-232 304 192 ) 
4 20 27 (-120 528 192 ) (-104 528 192 ) (-104 304 192 ) (-120 304 192 ) 
4 20 26 (-104 528 192 ) (-16 528 192 ) (-16 304 192 ) (-104 304 192 ) 
4 20 25 (-256 304 320 ) (-256 304 200 ) (-160 304 200 ) (-160 304 320 ) 
4 20 23 (-88 304 200 ) (-88 304 208 ) (-136 304 208 ) (-136 304 200 ) 
4 20 22 (-88 304 208 ) (-88 304 320 ) (-136 304 320 ) (-136 304 208 ) 
4 20 21 (-88 304 192 ) (-16 304 192 ) (-16 304 320 ) (-88 304 320 ) 
4 20 24 (-160 304 192 ) (-136 304 192 ) (-136 304 320 ) (-160 304 320 ) 
4 21 26 (-88 304 192 ) (-16 304 192 ) (-16 272 192 ) (-88 272 192 ) 
3 21 23 (-88 304 208 ) (-88 304 200 ) (-88 280 208 ) 
4 21 22 (-88 304 320 ) (-88 304 208 ) (-88 272 208 ) (-88 272 320 ) 
4 22 23 (-136 280 208 ) (-136 304 208 ) (-88 304 208 ) (-88 280 208 ) 
4 22 24 (-136 304 320 ) (-136 304 208 ) (-136 272 208 ) (-136 272 320 ) 
3 23 24 (-136 304 208 ) (-136 304 200 ) (-136 280 208 ) 
4 24 28 (-160 304 192 ) (-136 304 192 ) (-136 272 192 ) (-160 272 192 ) 
4 24 25 (-160 304 320 ) (-160 304 200 ) (-160 272 200 ) (-160 272 320 ) 
4 26 34 (-104 352 160 ) (-104 528 160 ) (-16 528 160 ) (-16 352 160 ) 
4 26 27 (-104 528 160 ) (-104 280 160 ) (-104 280 192 ) (-104 528 192 ) 
4 27 34 (-120 352 160 ) (-120 528 160 ) (-104 528 160 ) (-104 352 160 ) 
4 27 28 (-120 528 160 ) (-120 280 160 ) (-120 280 192 ) (-120 528 192 ) 
4 28 36 (-128 527 160 ) (-128 352 160 ) (-152 352 160 ) (-152 527 160 ) 
4 28 35 (-152 528 160 ) (-128 528 160 ) (-128 527 160 ) (-152 527 160 ) 
4 28 34 (-128 528 160 ) (-120 528 160 ) (-120 352 160 ) (-128 352 160 ) 
4 28 37 (-160 352 160 ) (-160 528 160 ) (-152 528 160 ) (-152 352 160 ) 
4 28 29 (-184 528 160 ) (-184 288 160 ) (-184 288 192 ) (-184 528 192 ) 
4 29 30 (-232 528 160 ) (-232 288 160 ) (-232 288 192 ) (-232 528 192 ) 
4 30 31 (-256 496 160 ) (-256 304 160 ) (-256 304 192 ) (-256 496 192 ) 
4 31 32 (-272 496 160 ) (-272 304 160 ) (-272 304 288 ) (-272 496 288 ) 
6 32 55 (-464 480 160 ) (-320 480 160 ) (-272 416 160 ) (-272 384 160 ) (-320 320 160 ) (-464 320 160 ) 
4 33 61 (-735.500000 272 160 ) (-528 272 160 ) (-528 272 320 ) (-735.500000 272 320 ) 
4 33 59 (-528 272 160 ) (-735.500000 272 160 ) (-735.500000 528 160 ) (-528 528 160 ) 
4 34 42 (-128 352 0 ) (-96 352 0 ) (-96 352 144 ) (-128 352 144 ) 
4 34 41 (-96 352 0 ) (-80 352 0 ) (-80 352 144 ) (-96 352 144 ) 
4 34 39 (-80 352 0 ) (-16 352 0 ) (-16 352 144 ) (-80 352 144 ) 
4 34 38 (-16 352 0 ) (0 352 0 ) (0 352 144 ) (-16 352 144 ) 
4 34 36 (-128 527 0 ) (-128 352 0 ) (-128 352 160 ) (-128 527 160 ) 
4 34 35 (-128 528 0 ) (-128 527 0 ) (-128 527 160 ) (-128 528 160 ) 
4 35 37 (-152 528 0 ) (-152 527 0 ) (-152 527 160 ) (-152 528 160 ) 
4 35 36 (-152 527 160 ) (-152 527 0 ) (-128 527 0 ) (-128 527 160 ) 
4 36 42 (-152 352 0 ) (-128 352 0 ) (-128 352 144 ) (-152 352 144 ) 
4 36 37 (-152 527 0 ) (-152 352 0 ) (-152 352 160 ) (-152 527 160 ) 
4 37 44 (-160 528 0 ) (-160 352 0 ) (-160 352 144 ) (-160 528 144 ) 
4 37 42 (-160 352 144 ) (-160 352 0 ) (-152 352 0 ) (-152 352 144 ) 
4 38 40 (-16 272 144 ) (-16 320 144 ) (-16 320 8 ) (-16 272 8 ) 
4 38 39 (-16 320 144 ) (-16 352 144 ) (-16 352 0 ) (-16 320 0 ) 
4 39 41 (-80 320 144 ) (-80 352 144 ) (-80 352 0 ) (-80 320 0 ) 
4 39 40 (-80 320 144 ) (-80 320 8 ) (-16 320 8 ) (-16 320 144 ) 
4 40 41 (-80 280 144 ) (-80 320 144 ) (-80 320 8 ) (-80 280 8 ) 
4 41 42 (-96 280 144 ) (-96 352 144 ) (-96 352 0 ) (-96 280 0 ) 
4 42 44 (-160 352 0 ) (-160 280 0 ) (-160 280 144 ) (-160 352 144 ) 
4 42 43 (-96 280 0 ) (-96 280 128 ) (-160 280 128 ) (-160 280 0 ) 
4 43 70 (-160 272 128 ) (-160 272 0 ) (-96 272 0 ) (-96 272 128 ) 
4 44 45 (-176 528 0 ) (-176 280 0 ) (-176 280 144 ) (-176 528 144 ) 
4 45 50 (-184 528 0 ) (-184 272 0 ) (-184 272 32 ) (-184 528 32 ) 
3 45 48 (-184 280 48 ) (-184 304 48 ) (-184 304 40 ) 
4 45 47 (-184 272 48 ) (-184 272 144 ) (-184 304 144 ) (-184 304 48 ) 
4 45 46 (-184 304 144 ) (-184 528 144 ) (-184 528 32 ) (-184 304 32 ) 
4 46 51 (-216 528 32 ) (-200 528 32 ) (-200 304 32 ) (-216 304 32 ) 
4 46 50 (-200 528 32 ) (-184 528 32 ) (-184 304 32 ) (-200 304 32 ) 
4 46 52 (-232 528 32 ) (-216 528 32 ) (-216 304 32 ) (-232 304 32 ) 
4 46 48 (-232 304 48 ) (-232 304 40 ) (-184 304 40 ) (-184 304 48 ) 
4 46 47 (-232 304 144 ) (-232 304 48 ) (-184 304 48 ) (-184 304 144 ) 
4 46 49 (-232 528 32 ) (-232 304 32 ) (-232 304 144 ) (-232 528 144 ) 
4 47 48 (-232 280 48 ) (-232 304 48 ) (-184 304 48 ) (-184 280 48 ) 
4 47 49 (-232 272 48 ) (-232 272 144 ) (-232 304 144 ) (-232 304 48 ) 
3 48 49 (-232 280 48 ) (-232 304 48 ) (-232 304 40 ) 
4 49 53 (-256 304 128 ) (-256 496 128 ) (-256 496 32 ) (-256 304 32 ) 
4 49 52 (-256 272 32 ) (-256 528 32 ) (-232 528 32 ) (-232 272 32 ) 
4 50 51 (-200 528 0 ) (-200 280 0 ) (-200 280 32 ) (-200 528 32 ) 
4 51 52 (-216 528 0 ) (-216 280 0 ) (-216 280 32 ) (-216 528 32 ) 
4 52 53 (-256 496 0 ) (-256 304 0 ) (-256 304 32 ) (-256 496 32 ) 
4 53 56 (-272 304 128 ) (-272 496 128 ) (-272 496 0 ) (-272 304 0 ) 
4 54 77 (-264 272 -16 ) (-272 272 -16 ) (-272 272 -226 ) (-264 272 -226 ) 
4 54 75 (-248 272 -16 ) (-264 272 -16 ) (-264 272 -226 ) (-248 272 -226 ) 
4 54 73 (0 272 -226 ) (0 272 -16 ) (-248 272 -16 ) (-248 272 -226 ) 
4 54 57 (-272 272 -226 ) (-272 272 -16 ) (-272 528 -16 ) (-272 528 -226 ) 
6 55 56 (-464 480 152 ) (-320 480 152 ) (-272 416 152 ) (-272 384 152 ) (-320 320 152 ) (-464 320 152 ) 
4 57 77 (-272 272 -226 ) (-272 272 -16 ) (-512 272 -16 ) (-512 272 -226 ) 
4 57 58 (-512 272 -226 ) (-512 272 -16 ) (-512 528 -16 ) (-512 528 -226 ) 
4 58 78 (-512 272 -226 ) (-512 272 -16 ) (-528 272 -16 ) (-528 272 -226 ) 
4 58 59 (-528 528 -226 ) (-528 272 -226 ) (-528 272 -16 ) (-528 528 -16 ) 
4 59 80 (-735.500000 272 144 ) (-735.500000 272 -226 ) (-528 272 -226 ) (-528 272 144 ) 
4 59 61 (-528 272 160 ) (-735.500000 272 160 ) (-735.500000 272 144 ) (-528 272 144 ) 
4 60 66 (-512 256 1154 ) (-735.500000 256 1154 ) (-735.500000 256 320 ) (-512 256 320 ) 
4 60 64 (-256 256 1154 ) (-512 256 1154 ) (-512 256 320 ) (-256 256 320 ) 
4 60 62 (0 256 320 ) (0 256 1154 ) (-256 256 1154 ) (-256 256 320 ) 
4 60 61 (-512 256 320 ) (-735.500000 256 320 ) (-735.500000 272 320 ) (-512 272 320 ) 
4 61 78 (-528 272 144 ) (-512 272 144 ) (-512 256 144 ) (-528 256 144 ) 
4 61 80 (-735.500000 272 144 ) (-528 272 144 ) (-528 256 144 ) (-735.500000 256 144 ) 
4 61 66 (-735.500000 256 144 ) (-512 256 144 ) (-512 256 320 ) (-735.500000 256 320 ) 
4 62 84 (0 0 160 ) (0 0 1154 ) (-256 0 1154 ) (-256 0 160 ) 
4 62 64 (-256 0 1154 ) (-256 256 1154 ) (-256 256 160 ) (-256 0 160 ) 
4 62 63 (-256 0 160 ) (-256 256 160 ) (0 256 160 ) (0 0 160 ) 
4 63 85 (0 0 144 ) (0 0 160 ) (-256 0 160 ) (-256 0 144 ) 
4 63 71 (-176 8 144 ) (-176 248 144 ) (-160 248 144 ) (-160 8 144 ) 
4 63 72 (-176 0 144 ) (-248 0 144 ) (-248 256 144 ) (-176 256 144 ) 
4 63 69 (-160 8 144 ) (-160 248 144 ) (-96 248 144 ) (-96 8 144 ) 
4 63 68 (-96 8 144 ) (-96 248 144 ) (-80 248 144 ) (-80 8 144 ) 
4 63 67 (0 0 144 ) (-80 0 144 ) (-80 256 144 ) (0 256 144 ) 
4 63 65 (-256 256 160 ) (-256 256 144 ) (-256 0 144 ) (-256 0 160 ) 
4 64 86 (-256 0 1154 ) (-512 0 1154 ) (-512 0 160 ) (-256 0 160 ) 
4 64 66 (-512 0 1154 ) (-512 256 1154 ) (-512 256 160 ) (-512 0 160 ) 
4 64 65 (-512 0 160 ) (-512 256 160 ) (-256 256 160 ) (-256 0 160 ) 
4 65 86 (-512 0 160 ) (-512 0 144 ) (-256 0 144 ) (-256 0 160 ) 
4 65 76 (-264 0 144 ) (-512 0 144 ) (-512 256 144 ) (-264 256 144 ) 
4 65 66 (-512 256 160 ) (-512 256 144 ) (-512 0 144 ) (-512 0 160 ) 
4 66 86 (-512 0 1154 ) (-735.500000 0 1154 ) (-735.500000 0 144 ) (-512 0 144 ) 
4 66 80 (-528 0 144 ) (-735.500000 0 144 ) (-735.500000 256 144 ) (-528 256 144 ) 
4 67 68 (-80 248 0 ) (-80 8 0 ) (-80 8 144 ) (-80 248 144 ) 
4 68 69 (-96 8 128 ) (-96 8 144 ) (-96 248 144 ) (-96 248 128 ) 
4 68 70 (-96 248 0 ) (-96 8 0 ) (-96 8 128 ) (-96 248 128 ) 
4 69 71 (-160 8 144 ) (-160 248 144 ) (-160 248 128 ) (-160 8 128 ) 
4 69 70 (-160 8 128 ) (-160 248 128 ) (-96 248 128 ) (-96 8 128 ) 
4 70 87 (-160 0 128 ) (-160 0 0 ) (-96 0 0 ) (-96 0 128 ) 
4 70 71 (-160 248 0 ) (-160 8 0 ) (-160 8 128 ) (-160 248 128 ) 
4 71 72 (-176 248 0 ) (-176 8 0 ) (-176 8 144 ) (-176 248 144 ) 
9 72 74 (-248 16 96 ) (-248 24.627712 98.465057 ) (-248 79.969009 109.995682 ) (-248 128 116 ) (-248 176 110 ) (-248 231.373520 98.464706 ) (-248 240 96 ) (-248 240 0 ) (-248 16 0 ) 
4 73 90 (0 0 -226 ) (0 0 -16 ) (-248 0 -16 ) (-248 0 -226 ) 
4 73 75 (-248 0 -226 ) (-248 0 -16 ) (-248 272 -16 ) (-248 272 -226 ) 
9 74 76 (-264 240 0 ) (-264 16 0 ) (-264 16 96 ) (-264 24.638794 98.468231 ) (-264 79.958725 109.994400 ) (-264 128 116 ) (-264 176 110 ) (-264 231.373520 98.464706 ) (-264 240 96 ) 
4 75 90 (-248 0 -226 ) (-248 0 -16 ) (-264 0 -16 ) (-264 0 -226 ) 
4 75 77 (-264 272 -16 ) (-264 272 -226 ) (-264 0 -226 ) (-264 0 -16 ) 
4 77 90 (-264 0 -226 ) (-264 0 -16 ) (-512 0 -16 ) (-512 0 -226 ) 
4 77 79 (-512 0 -226 ) (-512 0 -16 ) (-512 256 -16 ) (-512 256 -226 ) 
4 77 78 (-512 256 -16 ) (-512 272 -16 ) (-512 272 -226 ) (-512 256 -226 ) 
4 78 79 (-528 256 -16 ) (-528 256 -226 ) (-512 256 -226 ) (-512 256 -16 ) 
4 78 80 (-528 272 -226 ) (-528 256 -226 ) (-528 256 144 ) (-528 272 144 ) 
4 79 90 (-512 0 -226 ) (-512 0 -16 ) (-528 0 -16 ) (-528 0 -226 ) 
4 79 80 (-528 256 -226 ) (-528 0 -226 ) (-528 0 -16 ) (-528 256 -16 ) 
4 80 89 (-735.500000 0 0 ) (-735.500000 0 -16 ) (-528 0 -16 ) (-528 0 0 ) 
4 80 90 (-735.500000 0 -16 ) (-735.500000 0 -226 ) (-528 0 -226 ) (-528 0 -16 ) 
4 80 88 (-528 0 144 ) (-735.500000 0 144 ) (-735.500000 0 0 ) (-528 0 0 ) 
4 81 83 (1024 0 1154 ) (1024 0 -226 ) (1024 -1024 -226 ) (1024 -1024 1154 ) 
4 81 82 (1279.500000 -1024 1154 ) (1024 -1024 1154 ) (1024 -1024 -226 ) (1279.500000 -1024 -226 ) 
4 82 101 (1024 -1088.829956 1154 ) (1024 -1024 1154 ) (1024 -1024 -226 ) (1024 -1088.829956 -226 ) 
4 83 101 (1024 -1024 -226 ) (1024 -1024 1154 ) (0 -1024 1154 ) (0 -1024 -226 ) 
4 83 98 (0 -16 -226 ) (0 -272 -226 ) (0 -272 -16 ) (0 -16 -16 ) 
4 83 99 (0 -272 -226 ) (0 -1024 -226 ) (0 -1024 0 ) (0 -272 0 ) 
4 83 92 (0 -1024 0 ) (0 -1024 144 ) (0 -16 144 ) (0 -16 0 ) 
4 83 91 (0 -1024 144 ) (0 -1024 1154 ) (0 -16 1154 ) (0 -16 144 ) 
4 83 90 (0 0 -16 ) (0 0 -226 ) (0 -16 -226 ) (0 -16 -16 ) 
4 83 85 (0 0 160 ) (0 0 144 ) (0 -16 144 ) (0 -16 160 ) 
4 83 84 (0 0 1154 ) (0 0 160 ) (0 -16 160 ) (0 -16 1154 ) 
4 84 91 (0 -16 160 ) (0 -16 1154 ) (-256 -16 1154 ) (-256 -16 160 ) 
4 84 86 (-256 -16 160 ) (-256 -16 1154 ) (-256 0 1154 ) (-256 0 160 ) 
4 84 85 (0 -16 160 ) (-256 -16 160 ) (-256 0 160 ) (0 0 160 ) 
4 85 91 (0 -16 144 ) (0 -16 160 ) (-256 -16 160 ) (-256 -16 144 ) 
4 85 86 (-256 0 144 ) (-256 -16 144 ) (-256 -16 160 ) (-256 0 160 ) 
4 86 91 (-256 -16 1154 ) (-735.500000 -16 1154 ) (-735.500000 -16 144 ) (-256 -16 144 ) 
4 86 88 (-512 -16 144 ) (-735.500000 -16 144 ) (-735.500000 0 144 ) (-512 0 144 ) 
4 87 94 (-160 -16 128 ) (-160 -16 0 ) (-96 -16 0 ) (-96 -16 128 ) 
4 88 97 (-512 -16 144 ) (-735.500000 -16 144 ) (-735.500000 -16 0 ) (-512 -16 0 ) 
4 88 89 (-512 -16 0 ) (-735.500000 -16 0 ) (-735.500000 0 0 ) (-512 0 0 ) 
4 89 100 (-512 -16 0 ) (-735.500000 -16 0 ) (-735.500000 -16 -16 ) (-512 -16 -16 ) 
4 89 90 (-512 -16 -16 ) (-735.500000 -16 -16 ) (-735.500000 0 -16 ) (-512 0 -16 ) 
4 90 98 (0 -16 -226 ) (0 -16 -16 ) (-256 -16 -16 ) (-256 -16 -226 ) 
4 90 100 (-256 -16 -16 ) (-735.500000 -16 -16 ) (-735.500000 -16 -226 ) (-256 -16 -226 ) 
4 91 102 (0 -1024 144 ) (0 -1024 1154 ) (-735.500000 -1024 1154 ) (-735.500000 -1024 144 ) 
4 91 96 (-160 -1024 144 ) (-176 -1024 144 ) (-176 -24 144 ) (-160 -24 144 ) 
4 91 97 (-176 -1024 144 ) (-735.500000 -1024 144 ) (-735.500000 -16 144 ) (-176 -16 144 ) 
4 91 95 (-96 -1024 144 ) (-160 -1024 144 ) (-160 -24 144 ) (-96 -24 144 ) 
4 91 93 (-80 -1024 144 ) (-96 -1024 144 ) (-96 -24 144 ) (-80 -24 144 ) 
4 91 92 (0 -1024 144 ) (-80 -1024 144 ) (-80 -16 144 ) (0 -16 144 ) 
4 92 102 (0 -1024 0 ) (0 -1024 144 ) (-80 -1024 144 ) (-80 -1024 0 ) 
4 92 99 (0 -272 0 ) (0 -1024 0 ) (-80 -1024 0 ) (-80 -272 0 ) 
4 92 93 (-80 -24 0 ) (-80 -1024 0 ) (-80 -1024 144 ) (-80 -24 144 ) 
4 93 102 (-80 -1024 144 ) (-96 -1024 144 ) (-96 -1024 0 ) (-80 -1024 0 ) 
4 93 99 (-80 -272 0 ) (-80 -1024 0 ) (-96 -1024 0 ) (-96 -272 0 ) 
4 93 95 (-96 -24 0 ) (-96 -1024 0 ) (-96 -1024 144 ) (-96 -24 144 ) 
4 94 95 (-160 -24 128 ) (-160 -24 0 ) (-96 -24 0 ) (-96 -24 128 ) 
4 95 102 (-96 -1024 144 ) (-160 -1024 144 ) (-160 -1024 0 ) (-96 -1024 0 ) 
4 95 99 (-96 -272 0 ) (-96 -1024 0 ) (-160 -1024 0 ) (-160 -272 0 ) 
4 95 96 (-160 -24 0 ) (-160 -1024 0 ) (-160 -1024 144 ) (-160 -24 144 ) 
4 96 102 (-160 -1024 144 ) (-176 -1024 144 ) (-176 -1024 0 ) (-160 -1024 0 ) 
4 96 99 (-160 -272 0 ) (-160 -1024 0 ) (-176 -1024 0 ) (-176 -272 0 ) 
4 96 97 (-176 -24 0 ) (-176 -1024 0 ) (-176 -1024 144 ) (-176 -24 144 ) 
4 97 102 (-176 -1024 144 ) (-735.500000 -1024 144 ) (-735.500000 -1024 0 ) (-176 -1024 0 ) 
4 97 99 (-176 -272 0 ) (-176 -1024 0 ) (-256 -1024 0 ) (-256 -272 0 ) 
4 97 100 (-735.500000 -16 0 ) (-256 -16 0 ) (-256 -1024 0 ) (-735.500000 -1024 0 ) 
4 98 99 (-256 -272 -16 ) (-256 -272 -226 ) (0 -272 -226 ) (0 -272 -16 ) 
4 98 100 (-256 -16 -226 ) (-256 -272 -226 ) (-256 -272 -16 ) (-256 -16 -16 ) 
4 99 102 (0 -1024 -226 ) (0 -1024 0 ) (-256 -1024 0 ) (-256 -1024 -226 ) 
4 99 100 (-256 -272 -226 ) (-256 -1024 -226 ) (-256 -1024 0 ) (-256 -272 0 ) 
4 100 102 (-256 -1024 0 ) (-735.500000 -1024 0 ) (-735.500000 -1024 -226 ) (-256 -1024 -226 ) 
4 101 102 (0 -1024 1154 ) (0 -1024 -226 ) (0 -1088.829956 -226 ) (0 -1088.829956 1154 ) 
